# JRE version: OpenJDK Runtime Environment Temurin-17.0.9+9 (17.0.9+9) (build 17.0.9+9)
# Java VM: OpenJDK 64-Bit Server VM Temurin-17.0.9+9 (17.0.9+9, mixed mode, emulated-client, sharing, tiered, compressed oops, compressed class ptrs, g1 gc, windows-amd64)
GC Precious Log:
 CPUs: 8 total, 8 available
 Memory: 32708M
 Large Page Support: Disabled
 NUMA Support: Disabled
 Compressed Oops: Enabled (32-bit)
 Heap Region Size: 1M
 Heap Min Capacity: 8M
 Heap Initial Capacity: 512M
 Heap Max Capacity: 1G
 Pre-touch: Disabled
 Parallel Workers: 8
 Concurrent Workers: 2
 Concurrent Refinement Workers: 8
 Periodic GC: Disabled
Heap:
 garbage-first heap   total 102400K, used 30095K [0x00000000c0000000, 0x0000000100000000)
  region size 1024K, 1 young (1024K), 0 survivors (0K)
 Metaspace       used 52296K, committed 52800K, reserved 1114112K
  class space    used 6625K, committed 6848K, reserved 1048576K
GC Heap History (20 events):
Event: 1277.284 GC heap after
{Heap after GC invocations=125 (full 81):
 garbage-first heap   total 102400K, used 30073K [0x00000000c0000000, 0x0000000100000000)
  region size 1024K, 0 young (0K), 0 survivors (0K)
 Metaspace       used 52296K, committed 52800K, reserved 1114112K
  class space    used 6625K, committed 6848K, reserved 1048576K
}
Event: 1287.413 GC heap before
{Heap before GC invocations=125 (full 81):
 garbage-first heap   total 102400K, used 30073K [0x00000000c0000000, 0x0000000100000000)
  region size 1024K, 1 young (1024K), 0 survivors (0K)
 Metaspace       used 52296K, committed 52800K, reserved 1114112K
  class space    used 6625K, committed 6848K, reserved 1048576K
}
Event: 1287.440 GC heap after
{Heap after GC invocations=126 (full 82):
 garbage-first heap   total 102400K, used 30073K [0x00000000c0000000, 0x0000000100000000)
  region size 1024K, 0 young (0K), 0 survivors (0K)
 Metaspace       used 52296K, committed 52800K, reserved 1114112K
  class space    used 6625K, committed 6848K, reserved 1048576K
}
Event: 1297.584 GC heap before
{Heap before GC invocations=126 (full 82):
 garbage-first heap   total 102400K, used 30073K [0x00000000c0000000, 0x0000000100000000)
  region size 1024K, 1 young (1024K), 0 survivors (0K)
 Metaspace       used 52296K, committed 52800K, reserved 1114112K
  class space    used 6625K, committed 6848K, reserved 1048576K
}
Event: 1297.615 GC heap after
{Heap after GC invocations=127 (full 83):
 garbage-first heap   total 102400K, used 30073K [0x00000000c0000000, 0x0000000100000000)
  region size 1024K, 0 young (0K), 0 survivors (0K)
 Metaspace       used 52296K, committed 52800K, reserved 1114112K
  class space    used 6625K, committed 6848K, reserved 1048576K
}
Event: 1307.750 GC heap before
{Heap before GC invocations=127 (full 83):
 garbage-first heap   total 102400K, used 30073K [0x00000000c0000000, 0x0000000100000000)
  region size 1024K, 1 young (1024K), 0 survivors (0K)
 Metaspace       used 52296K, committed 52800K, reserved 1114112K
  class space    used 6625K, committed 6848K, reserved 1048576K
}
Event: 1307.775 GC heap after
{Heap after GC invocations=128 (full 84):
 garbage-first heap   total 102400K, used 30073K [0x00000000c0000000, 0x0000000100000000)
  region size 1024K, 0 young (0K), 0 survivors (0K)
 Metaspace       used 52296K, committed 52800K, reserved 1114112K
  class space    used 6625K, committed 6848K, reserved 1048576K
}
Event: 1317.910 GC heap before
{Heap before GC invocations=128 (full 84):
 garbage-first heap   total 102400K, used 30073K [0x00000000c0000000, 0x0000000100000000)
  region size 1024K, 1 young (1024K), 0 survivors (0K)
 Metaspace       used 52296K, committed 52800K, reserved 1114112K
  class space    used 6625K, committed 6848K, reserved 1048576K
}
Event: 1317.937 GC heap after
{Heap after GC invocations=129 (full 85):
 garbage-first heap   total 102400K, used 30073K [0x00000000c0000000, 0x0000000100000000)
  region size 1024K, 0 young (0K), 0 survivors (0K)
 Metaspace       used 52296K, committed 52800K, reserved 1114112K
  class space    used 6625K, committed 6848K, reserved 1048576K
}
Event: 1328.068 GC heap before
{Heap before GC invocations=129 (full 85):
 garbage-first heap   total 102400K, used 30073K [0x00000000c0000000, 0x0000000100000000)
  region size 1024K, 1 young (1024K), 0 survivors (0K)
 Metaspace       used 52296K, committed 52800K, reserved 1114112K
  class space    used 6625K, committed 6848K, reserved 1048576K
}
Event: 1328.095 GC heap after
{Heap after GC invocations=130 (full 86):
 garbage-first heap   total 102400K, used 30073K [0x00000000c0000000, 0x0000000100000000)
  region size 1024K, 0 young (0K), 0 survivors (0K)
 Metaspace       used 52296K, committed 52800K, reserved 1114112K
  class space    used 6625K, committed 6848K, reserved 1048576K
}
Event: 1338.229 GC heap before
{Heap before GC invocations=130 (full 86):
 garbage-first heap   total 102400K, used 30073K [0x00000000c0000000, 0x0000000100000000)
  region size 1024K, 1 young (1024K), 0 survivors (0K)
 Metaspace       used 52296K, committed 52800K, reserved 1114112K
  class space    used 6625K, committed 6848K, reserved 1048576K
}
Event: 1338.262 GC heap after
{Heap after GC invocations=131 (full 87):
 garbage-first heap   total 102400K, used 30073K [0x00000000c0000000, 0x0000000100000000)
  region size 1024K, 0 young (0K), 0 survivors (0K)
 Metaspace       used 52296K, committed 52800K, reserved 1114112K
  class space    used 6625K, committed 6848K, reserved 1048576K
}
Event: 1348.400 GC heap before
{Heap before GC invocations=131 (full 87):
 garbage-first heap   total 102400K, used 30073K [0x00000000c0000000, 0x0000000100000000)
  region size 1024K, 1 young (1024K), 0 survivors (0K)
 Metaspace       used 52296K, committed 52800K, reserved 1114112K
  class space    used 6625K, committed 6848K, reserved 1048576K
}
Event: 1348.426 GC heap after
{Heap after GC invocations=132 (full 88):
 garbage-first heap   total 102400K, used 30073K [0x00000000c0000000, 0x0000000100000000)
  region size 1024K, 0 young (0K), 0 survivors (0K)
 Metaspace       used 52296K, committed 52800K, reserved 1114112K
  class space    used 6625K, committed 6848K, reserved 1048576K
}
Event: 1358.558 GC heap before
{Heap before GC invocations=132 (full 88):
 garbage-first heap   total 102400K, used 30073K [0x00000000c0000000, 0x0000000100000000)
  region size 1024K, 1 young (1024K), 0 survivors (0K)
 Metaspace       used 52296K, committed 52800K, reserved 1114112K
  class space    used 6625K, committed 6848K, reserved 1048576K
}
Event: 1358.585 GC heap after
{Heap after GC invocations=133 (full 89):
 garbage-first heap   total 102400K, used 30073K [0x00000000c0000000, 0x0000000100000000)
  region size 1024K, 0 young (0K), 0 survivors (0K)
 Metaspace       used 52296K, committed 52800K, reserved 1114112K
  class space    used 6625K, committed 6848K, reserved 1048576K
}
Event: 1368.721 GC heap before
{Heap before GC invocations=133 (full 89):
 garbage-first heap   total 102400K, used 30073K [0x00000000c0000000, 0x0000000100000000)
  region size 1024K, 1 young (1024K), 0 survivors (0K)
 Metaspace       used 52296K, committed 52800K, reserved 1114112K
  class space    used 6625K, committed 6848K, reserved 1048576K
}
Event: 1368.748 GC heap after
{Heap after GC invocations=134 (full 90):
 garbage-first heap   total 102400K, used 30073K [0x00000000c0000000, 0x0000000100000000)
  region size 1024K, 0 young (0K), 0 survivors (0K)
 Metaspace       used 52296K, committed 52800K, reserved 1114112K
  class space    used 6625K, committed 6848K, reserved 1048576K
}
Event: 1378.883 GC heap before
{Heap before GC invocations=134 (full 90):
 garbage-first heap   total 102400K, used 30073K [0x00000000c0000000, 0x0000000100000000)
  region size 1024K, 1 young (1024K), 0 survivors (0K)
 Metaspace       used 52296K, committed 52800K, reserved 1114112K
  class space    used 6625K, committed 6848K, reserved 1048576K
}

